2025-01-24 01:10:11,291 - INFO - Starting phoneme generation using 10 cores
2025-01-24 01:10:16,957 - WARNING - 1 utterances containing language switches on lines 1
2025-01-24 01:10:16,957 - WARNING - extra phones may appear in the "en-us" phoneset
2025-01-24 01:10:16,957 - WARNING - language switch flags have been kept (applying "keep-flags" policy)
2025-01-24 01:10:19,180 - WARNING - 1 utterances containing language switches on lines 1
2025-01-24 01:10:19,180 - WARNING - extra phones may appear in the "en-us" phoneset
2025-01-24 01:10:19,180 - WARNING - language switch flags have been kept (applying "keep-flags" policy)
2025-01-24 01:10:21,134 - WARNING - 1 utterances containing language switches on lines 1
2025-01-24 01:10:21,134 - WARNING - extra phones may appear in the "en-us" phoneset
2025-01-24 01:10:21,134 - WARNING - language switch flags have been kept (applying "keep-flags" policy)
2025-01-24 01:10:23,128 - WARNING - 1 utterances containing language switches on lines 1
2025-01-24 01:10:23,128 - WARNING - extra phones may appear in the "en-us" phoneset
2025-01-24 01:10:23,128 - WARNING - language switch flags have been kept (applying "keep-flags" policy)
2025-01-24 01:10:25,099 - WARNING - 3 utterances containing language switches on lines 1, 2, 3
2025-01-24 01:10:25,099 - WARNING - extra phones may appear in the "en-us" phoneset
2025-01-24 01:10:25,099 - WARNING - language switch flags have been kept (applying "keep-flags" policy)
2025-01-24 01:10:27,050 - WARNING - 1 utterances containing language switches on lines 1
2025-01-24 01:10:27,050 - WARNING - extra phones may appear in the "en-us" phoneset
2025-01-24 01:10:27,050 - WARNING - language switch flags have been kept (applying "keep-flags" policy)
2025-01-24 01:10:28,957 - WARNING - 1 utterances containing language switches on lines 1
2025-01-24 01:10:28,962 - WARNING - extra phones may appear in the "en-us" phoneset
2025-01-24 01:10:28,962 - WARNING - language switch flags have been kept (applying "keep-flags" policy)
2025-01-24 01:10:30,876 - WARNING - 1 utterances containing language switches on lines 1
2025-01-24 01:10:30,876 - WARNING - extra phones may appear in the "en-us" phoneset
2025-01-24 01:10:30,876 - WARNING - language switch flags have been kept (applying "keep-flags" policy)
2025-01-24 01:10:32,737 - WARNING - 1 utterances containing language switches on lines 1
2025-01-24 01:10:32,737 - WARNING - extra phones may appear in the "en-us" phoneset
2025-01-24 01:10:32,737 - WARNING - language switch flags have been kept (applying "keep-flags" policy)
2025-01-24 01:10:34,750 - WARNING - 1 utterances containing language switches on lines 1
2025-01-24 01:10:34,750 - WARNING - extra phones may appear in the "en-us" phoneset
2025-01-24 01:10:34,750 - WARNING - language switch flags have been kept (applying "keep-flags" policy)
2025-01-24 01:10:36,668 - WARNING - 1 utterances containing language switches on lines 1
2025-01-24 01:10:36,668 - WARNING - extra phones may appear in the "en-us" phoneset
2025-01-24 01:10:36,668 - WARNING - language switch flags have been kept (applying "keep-flags" policy)
2025-01-24 01:10:38,679 - WARNING - 1 utterances containing language switches on lines 1
2025-01-24 01:10:38,679 - WARNING - extra phones may appear in the "en-us" phoneset
2025-01-24 01:10:38,680 - WARNING - language switch flags have been kept (applying "keep-flags" policy)
2025-01-24 01:10:40,698 - WARNING - 1 utterances containing language switches on lines 1
2025-01-24 01:10:40,700 - WARNING - extra phones may appear in the "en-us" phoneset
2025-01-24 01:10:40,700 - WARNING - language switch flags have been kept (applying "keep-flags" policy)
