2025-02-09 22:05:47,397 (encoder:177) INFO: encoder self-attention layer type = self-attention
2025-02-09 22:05:47,477 (encoder:177) INFO: encoder self-attention layer type = self-attention
2025-02-09 22:05:47,658 (initialize:88) INFO: Initialize encoder.encoders.0.self_attn.linear_q.bias to zeros
2025-02-09 22:05:47,658 (initialize:88) INFO: Initialize encoder.encoders.0.self_attn.linear_k.bias to zeros
2025-02-09 22:05:47,658 (initialize:88) INFO: Initialize encoder.encoders.0.self_attn.linear_v.bias to zeros
2025-02-09 22:05:47,658 (initialize:88) INFO: Initialize encoder.encoders.0.self_attn.linear_out.bias to zeros
2025-02-09 22:05:47,658 (initialize:88) INFO: Initialize encoder.encoders.0.feed_forward.w_1.bias to zeros
2025-02-09 22:05:47,658 (initialize:88) INFO: Initialize encoder.encoders.0.feed_forward.w_2.bias to zeros
2025-02-09 22:05:47,658 (initialize:88) INFO: Initialize encoder.encoders.0.norm1.bias to zeros
2025-02-09 22:05:47,659 (initialize:88) INFO: Initialize encoder.encoders.0.norm2.bias to zeros
2025-02-09 22:05:47,659 (initialize:88) INFO: Initialize encoder.encoders.1.self_attn.linear_q.bias to zeros
2025-02-09 22:05:47,659 (initialize:88) INFO: Initialize encoder.encoders.1.self_attn.linear_k.bias to zeros
2025-02-09 22:05:47,659 (initialize:88) INFO: Initialize encoder.encoders.1.self_attn.linear_v.bias to zeros
2025-02-09 22:05:47,659 (initialize:88) INFO: Initialize encoder.encoders.1.self_attn.linear_out.bias to zeros
2025-02-09 22:05:47,659 (initialize:88) INFO: Initialize encoder.encoders.1.feed_forward.w_1.bias to zeros
2025-02-09 22:05:47,659 (initialize:88) INFO: Initialize encoder.encoders.1.feed_forward.w_2.bias to zeros
2025-02-09 22:05:47,659 (initialize:88) INFO: Initialize encoder.encoders.1.norm1.bias to zeros
2025-02-09 22:05:47,659 (initialize:88) INFO: Initialize encoder.encoders.1.norm2.bias to zeros
2025-02-09 22:05:47,659 (initialize:88) INFO: Initialize encoder.encoders.2.self_attn.linear_q.bias to zeros
2025-02-09 22:05:47,659 (initialize:88) INFO: Initialize encoder.encoders.2.self_attn.linear_k.bias to zeros
2025-02-09 22:05:47,659 (initialize:88) INFO: Initialize encoder.encoders.2.self_attn.linear_v.bias to zeros
2025-02-09 22:05:47,659 (initialize:88) INFO: Initialize encoder.encoders.2.self_attn.linear_out.bias to zeros
2025-02-09 22:05:47,659 (initialize:88) INFO: Initialize encoder.encoders.2.feed_forward.w_1.bias to zeros
2025-02-09 22:05:47,659 (initialize:88) INFO: Initialize encoder.encoders.2.feed_forward.w_2.bias to zeros
2025-02-09 22:05:47,659 (initialize:88) INFO: Initialize encoder.encoders.2.norm1.bias to zeros
2025-02-09 22:05:47,659 (initialize:88) INFO: Initialize encoder.encoders.2.norm2.bias to zeros
2025-02-09 22:05:47,659 (initialize:88) INFO: Initialize encoder.encoders.3.self_attn.linear_q.bias to zeros
2025-02-09 22:05:47,659 (initialize:88) INFO: Initialize encoder.encoders.3.self_attn.linear_k.bias to zeros
2025-02-09 22:05:47,659 (initialize:88) INFO: Initialize encoder.encoders.3.self_attn.linear_v.bias to zeros
2025-02-09 22:05:47,659 (initialize:88) INFO: Initialize encoder.encoders.3.self_attn.linear_out.bias to zeros
2025-02-09 22:05:47,659 (initialize:88) INFO: Initialize encoder.encoders.3.feed_forward.w_1.bias to zeros
2025-02-09 22:05:47,659 (initialize:88) INFO: Initialize encoder.encoders.3.feed_forward.w_2.bias to zeros
2025-02-09 22:05:47,660 (initialize:88) INFO: Initialize encoder.encoders.3.norm1.bias to zeros
2025-02-09 22:05:47,660 (initialize:88) INFO: Initialize encoder.encoders.3.norm2.bias to zeros
2025-02-09 22:05:47,660 (initialize:88) INFO: Initialize encoder.after_norm.bias to zeros
2025-02-09 22:05:47,660 (initialize:88) INFO: Initialize duration_predictor.conv.0.0.bias to zeros
2025-02-09 22:05:47,660 (initialize:88) INFO: Initialize duration_predictor.conv.0.2.bias to zeros
2025-02-09 22:05:47,660 (initialize:88) INFO: Initialize duration_predictor.conv.1.0.bias to zeros
2025-02-09 22:05:47,660 (initialize:88) INFO: Initialize duration_predictor.conv.1.2.bias to zeros
2025-02-09 22:05:47,660 (initialize:88) INFO: Initialize duration_predictor.linear.bias to zeros
2025-02-09 22:05:47,660 (initialize:88) INFO: Initialize pitch_predictor.conv.0.0.bias to zeros
2025-02-09 22:05:47,660 (initialize:88) INFO: Initialize pitch_predictor.conv.0.2.bias to zeros
2025-02-09 22:05:47,660 (initialize:88) INFO: Initialize pitch_predictor.conv.1.0.bias to zeros
2025-02-09 22:05:47,660 (initialize:88) INFO: Initialize pitch_predictor.conv.1.2.bias to zeros
2025-02-09 22:05:47,660 (initialize:88) INFO: Initialize pitch_predictor.linear.bias to zeros
2025-02-09 22:05:47,660 (initialize:88) INFO: Initialize pitch_embed.0.bias to zeros
2025-02-09 22:05:47,660 (initialize:88) INFO: Initialize energy_predictor.conv.0.0.bias to zeros
2025-02-09 22:05:47,660 (initialize:88) INFO: Initialize energy_predictor.conv.0.2.bias to zeros
2025-02-09 22:05:47,660 (initialize:88) INFO: Initialize energy_predictor.conv.1.0.bias to zeros
2025-02-09 22:05:47,660 (initialize:88) INFO: Initialize energy_predictor.conv.1.2.bias to zeros
2025-02-09 22:05:47,660 (initialize:88) INFO: Initialize energy_predictor.linear.bias to zeros
2025-02-09 22:05:47,660 (initialize:88) INFO: Initialize energy_embed.0.bias to zeros
2025-02-09 22:05:47,660 (initialize:88) INFO: Initialize decoder.encoders.0.self_attn.linear_q.bias to zeros
2025-02-09 22:05:47,661 (initialize:88) INFO: Initialize decoder.encoders.0.self_attn.linear_k.bias to zeros
2025-02-09 22:05:47,661 (initialize:88) INFO: Initialize decoder.encoders.0.self_attn.linear_v.bias to zeros
2025-02-09 22:05:47,661 (initialize:88) INFO: Initialize decoder.encoders.0.self_attn.linear_out.bias to zeros
2025-02-09 22:05:47,661 (initialize:88) INFO: Initialize decoder.encoders.0.feed_forward.w_1.bias to zeros
2025-02-09 22:05:47,661 (initialize:88) INFO: Initialize decoder.encoders.0.feed_forward.w_2.bias to zeros
2025-02-09 22:05:47,661 (initialize:88) INFO: Initialize decoder.encoders.0.norm1.bias to zeros
2025-02-09 22:05:47,661 (initialize:88) INFO: Initialize decoder.encoders.0.norm2.bias to zeros
2025-02-09 22:05:47,661 (initialize:88) INFO: Initialize decoder.encoders.1.self_attn.linear_q.bias to zeros
2025-02-09 22:05:47,661 (initialize:88) INFO: Initialize decoder.encoders.1.self_attn.linear_k.bias to zeros
2025-02-09 22:05:47,661 (initialize:88) INFO: Initialize decoder.encoders.1.self_attn.linear_v.bias to zeros
2025-02-09 22:05:47,661 (initialize:88) INFO: Initialize decoder.encoders.1.self_attn.linear_out.bias to zeros
2025-02-09 22:05:47,661 (initialize:88) INFO: Initialize decoder.encoders.1.feed_forward.w_1.bias to zeros
2025-02-09 22:05:47,661 (initialize:88) INFO: Initialize decoder.encoders.1.feed_forward.w_2.bias to zeros
2025-02-09 22:05:47,661 (initialize:88) INFO: Initialize decoder.encoders.1.norm1.bias to zeros
2025-02-09 22:05:47,661 (initialize:88) INFO: Initialize decoder.encoders.1.norm2.bias to zeros
2025-02-09 22:05:47,661 (initialize:88) INFO: Initialize decoder.encoders.2.self_attn.linear_q.bias to zeros
2025-02-09 22:05:47,661 (initialize:88) INFO: Initialize decoder.encoders.2.self_attn.linear_k.bias to zeros
2025-02-09 22:05:47,661 (initialize:88) INFO: Initialize decoder.encoders.2.self_attn.linear_v.bias to zeros
2025-02-09 22:05:47,661 (initialize:88) INFO: Initialize decoder.encoders.2.self_attn.linear_out.bias to zeros
2025-02-09 22:05:47,661 (initialize:88) INFO: Initialize decoder.encoders.2.feed_forward.w_1.bias to zeros
2025-02-09 22:05:47,661 (initialize:88) INFO: Initialize decoder.encoders.2.feed_forward.w_2.bias to zeros
2025-02-09 22:05:47,661 (initialize:88) INFO: Initialize decoder.encoders.2.norm1.bias to zeros
2025-02-09 22:05:47,661 (initialize:88) INFO: Initialize decoder.encoders.2.norm2.bias to zeros
2025-02-09 22:05:47,661 (initialize:88) INFO: Initialize decoder.encoders.3.self_attn.linear_q.bias to zeros
2025-02-09 22:05:47,662 (initialize:88) INFO: Initialize decoder.encoders.3.self_attn.linear_k.bias to zeros
2025-02-09 22:05:47,662 (initialize:88) INFO: Initialize decoder.encoders.3.self_attn.linear_v.bias to zeros
2025-02-09 22:05:47,662 (initialize:88) INFO: Initialize decoder.encoders.3.self_attn.linear_out.bias to zeros
2025-02-09 22:05:47,662 (initialize:88) INFO: Initialize decoder.encoders.3.feed_forward.w_1.bias to zeros
2025-02-09 22:05:47,662 (initialize:88) INFO: Initialize decoder.encoders.3.feed_forward.w_2.bias to zeros
2025-02-09 22:05:47,662 (initialize:88) INFO: Initialize decoder.encoders.3.norm1.bias to zeros
2025-02-09 22:05:47,662 (initialize:88) INFO: Initialize decoder.encoders.3.norm2.bias to zeros
2025-02-09 22:05:47,662 (initialize:88) INFO: Initialize decoder.after_norm.bias to zeros
2025-02-09 22:05:47,662 (initialize:88) INFO: Initialize feat_out.bias to zeros
2025-02-09 22:05:47,662 (initialize:88) INFO: Initialize postnet.postnet.0.1.bias to zeros
2025-02-09 22:05:47,662 (initialize:88) INFO: Initialize postnet.postnet.1.1.bias to zeros
2025-02-09 22:05:47,662 (initialize:88) INFO: Initialize postnet.postnet.2.1.bias to zeros
2025-02-09 22:05:47,662 (initialize:88) INFO: Initialize postnet.postnet.3.1.bias to zeros
2025-02-09 22:05:47,662 (initialize:88) INFO: Initialize postnet.postnet.4.1.bias to zeros
2025-02-09 22:06:21,324 (encoder:177) INFO: encoder self-attention layer type = self-attention
2025-02-09 22:06:21,479 (encoder:177) INFO: encoder self-attention layer type = self-attention
2025-02-09 22:06:21,657 (initialize:88) INFO: Initialize encoder.encoders.0.self_attn.linear_q.bias to zeros
2025-02-09 22:06:21,657 (initialize:88) INFO: Initialize encoder.encoders.0.self_attn.linear_k.bias to zeros
2025-02-09 22:06:21,657 (initialize:88) INFO: Initialize encoder.encoders.0.self_attn.linear_v.bias to zeros
2025-02-09 22:06:21,657 (initialize:88) INFO: Initialize encoder.encoders.0.self_attn.linear_out.bias to zeros
2025-02-09 22:06:21,657 (initialize:88) INFO: Initialize encoder.encoders.0.feed_forward.w_1.bias to zeros
2025-02-09 22:06:21,657 (initialize:88) INFO: Initialize encoder.encoders.0.feed_forward.w_2.bias to zeros
2025-02-09 22:06:21,657 (initialize:88) INFO: Initialize encoder.encoders.0.norm1.bias to zeros
2025-02-09 22:06:21,657 (initialize:88) INFO: Initialize encoder.encoders.0.norm2.bias to zeros
2025-02-09 22:06:21,657 (initialize:88) INFO: Initialize encoder.encoders.1.self_attn.linear_q.bias to zeros
2025-02-09 22:06:21,658 (initialize:88) INFO: Initialize encoder.encoders.1.self_attn.linear_k.bias to zeros
2025-02-09 22:06:21,658 (initialize:88) INFO: Initialize encoder.encoders.1.self_attn.linear_v.bias to zeros
2025-02-09 22:06:21,658 (initialize:88) INFO: Initialize encoder.encoders.1.self_attn.linear_out.bias to zeros
2025-02-09 22:06:21,658 (initialize:88) INFO: Initialize encoder.encoders.1.feed_forward.w_1.bias to zeros
2025-02-09 22:06:21,658 (initialize:88) INFO: Initialize encoder.encoders.1.feed_forward.w_2.bias to zeros
2025-02-09 22:06:21,658 (initialize:88) INFO: Initialize encoder.encoders.1.norm1.bias to zeros
2025-02-09 22:06:21,658 (initialize:88) INFO: Initialize encoder.encoders.1.norm2.bias to zeros
2025-02-09 22:06:21,658 (initialize:88) INFO: Initialize encoder.encoders.2.self_attn.linear_q.bias to zeros
2025-02-09 22:06:21,658 (initialize:88) INFO: Initialize encoder.encoders.2.self_attn.linear_k.bias to zeros
2025-02-09 22:06:21,658 (initialize:88) INFO: Initialize encoder.encoders.2.self_attn.linear_v.bias to zeros
2025-02-09 22:06:21,658 (initialize:88) INFO: Initialize encoder.encoders.2.self_attn.linear_out.bias to zeros
2025-02-09 22:06:21,658 (initialize:88) INFO: Initialize encoder.encoders.2.feed_forward.w_1.bias to zeros
2025-02-09 22:06:21,658 (initialize:88) INFO: Initialize encoder.encoders.2.feed_forward.w_2.bias to zeros
2025-02-09 22:06:21,658 (initialize:88) INFO: Initialize encoder.encoders.2.norm1.bias to zeros
2025-02-09 22:06:21,658 (initialize:88) INFO: Initialize encoder.encoders.2.norm2.bias to zeros
2025-02-09 22:06:21,658 (initialize:88) INFO: Initialize encoder.encoders.3.self_attn.linear_q.bias to zeros
2025-02-09 22:06:21,658 (initialize:88) INFO: Initialize encoder.encoders.3.self_attn.linear_k.bias to zeros
2025-02-09 22:06:21,658 (initialize:88) INFO: Initialize encoder.encoders.3.self_attn.linear_v.bias to zeros
2025-02-09 22:06:21,658 (initialize:88) INFO: Initialize encoder.encoders.3.self_attn.linear_out.bias to zeros
2025-02-09 22:06:21,658 (initialize:88) INFO: Initialize encoder.encoders.3.feed_forward.w_1.bias to zeros
2025-02-09 22:06:21,658 (initialize:88) INFO: Initialize encoder.encoders.3.feed_forward.w_2.bias to zeros
2025-02-09 22:06:21,658 (initialize:88) INFO: Initialize encoder.encoders.3.norm1.bias to zeros
2025-02-09 22:06:21,659 (initialize:88) INFO: Initialize encoder.encoders.3.norm2.bias to zeros
2025-02-09 22:06:21,659 (initialize:88) INFO: Initialize encoder.after_norm.bias to zeros
2025-02-09 22:06:21,659 (initialize:88) INFO: Initialize duration_predictor.conv.0.0.bias to zeros
2025-02-09 22:06:21,659 (initialize:88) INFO: Initialize duration_predictor.conv.0.2.bias to zeros
2025-02-09 22:06:21,659 (initialize:88) INFO: Initialize duration_predictor.conv.1.0.bias to zeros
2025-02-09 22:06:21,659 (initialize:88) INFO: Initialize duration_predictor.conv.1.2.bias to zeros
2025-02-09 22:06:21,659 (initialize:88) INFO: Initialize duration_predictor.linear.bias to zeros
2025-02-09 22:06:21,659 (initialize:88) INFO: Initialize pitch_predictor.conv.0.0.bias to zeros
2025-02-09 22:06:21,659 (initialize:88) INFO: Initialize pitch_predictor.conv.0.2.bias to zeros
2025-02-09 22:06:21,659 (initialize:88) INFO: Initialize pitch_predictor.conv.1.0.bias to zeros
2025-02-09 22:06:21,659 (initialize:88) INFO: Initialize pitch_predictor.conv.1.2.bias to zeros
2025-02-09 22:06:21,659 (initialize:88) INFO: Initialize pitch_predictor.linear.bias to zeros
2025-02-09 22:06:21,659 (initialize:88) INFO: Initialize pitch_embed.0.bias to zeros
2025-02-09 22:06:21,659 (initialize:88) INFO: Initialize energy_predictor.conv.0.0.bias to zeros
2025-02-09 22:06:21,659 (initialize:88) INFO: Initialize energy_predictor.conv.0.2.bias to zeros
2025-02-09 22:06:21,659 (initialize:88) INFO: Initialize energy_predictor.conv.1.0.bias to zeros
2025-02-09 22:06:21,659 (initialize:88) INFO: Initialize energy_predictor.conv.1.2.bias to zeros
2025-02-09 22:06:21,659 (initialize:88) INFO: Initialize energy_predictor.linear.bias to zeros
2025-02-09 22:06:21,659 (initialize:88) INFO: Initialize energy_embed.0.bias to zeros
2025-02-09 22:06:21,659 (initialize:88) INFO: Initialize decoder.encoders.0.self_attn.linear_q.bias to zeros
2025-02-09 22:06:21,659 (initialize:88) INFO: Initialize decoder.encoders.0.self_attn.linear_k.bias to zeros
2025-02-09 22:06:21,659 (initialize:88) INFO: Initialize decoder.encoders.0.self_attn.linear_v.bias to zeros
2025-02-09 22:06:21,660 (initialize:88) INFO: Initialize decoder.encoders.0.self_attn.linear_out.bias to zeros
2025-02-09 22:06:21,660 (initialize:88) INFO: Initialize decoder.encoders.0.feed_forward.w_1.bias to zeros
2025-02-09 22:06:21,660 (initialize:88) INFO: Initialize decoder.encoders.0.feed_forward.w_2.bias to zeros
2025-02-09 22:06:21,660 (initialize:88) INFO: Initialize decoder.encoders.0.norm1.bias to zeros
2025-02-09 22:06:21,660 (initialize:88) INFO: Initialize decoder.encoders.0.norm2.bias to zeros
2025-02-09 22:06:21,660 (initialize:88) INFO: Initialize decoder.encoders.1.self_attn.linear_q.bias to zeros
2025-02-09 22:06:21,660 (initialize:88) INFO: Initialize decoder.encoders.1.self_attn.linear_k.bias to zeros
2025-02-09 22:06:21,660 (initialize:88) INFO: Initialize decoder.encoders.1.self_attn.linear_v.bias to zeros
2025-02-09 22:06:21,660 (initialize:88) INFO: Initialize decoder.encoders.1.self_attn.linear_out.bias to zeros
2025-02-09 22:06:21,660 (initialize:88) INFO: Initialize decoder.encoders.1.feed_forward.w_1.bias to zeros
2025-02-09 22:06:21,660 (initialize:88) INFO: Initialize decoder.encoders.1.feed_forward.w_2.bias to zeros
2025-02-09 22:06:21,660 (initialize:88) INFO: Initialize decoder.encoders.1.norm1.bias to zeros
2025-02-09 22:06:21,660 (initialize:88) INFO: Initialize decoder.encoders.1.norm2.bias to zeros
2025-02-09 22:06:21,660 (initialize:88) INFO: Initialize decoder.encoders.2.self_attn.linear_q.bias to zeros
2025-02-09 22:06:21,660 (initialize:88) INFO: Initialize decoder.encoders.2.self_attn.linear_k.bias to zeros
2025-02-09 22:06:21,660 (initialize:88) INFO: Initialize decoder.encoders.2.self_attn.linear_v.bias to zeros
2025-02-09 22:06:21,660 (initialize:88) INFO: Initialize decoder.encoders.2.self_attn.linear_out.bias to zeros
2025-02-09 22:06:21,660 (initialize:88) INFO: Initialize decoder.encoders.2.feed_forward.w_1.bias to zeros
2025-02-09 22:06:21,660 (initialize:88) INFO: Initialize decoder.encoders.2.feed_forward.w_2.bias to zeros
2025-02-09 22:06:21,660 (initialize:88) INFO: Initialize decoder.encoders.2.norm1.bias to zeros
2025-02-09 22:06:21,660 (initialize:88) INFO: Initialize decoder.encoders.2.norm2.bias to zeros
2025-02-09 22:06:21,660 (initialize:88) INFO: Initialize decoder.encoders.3.self_attn.linear_q.bias to zeros
2025-02-09 22:06:21,661 (initialize:88) INFO: Initialize decoder.encoders.3.self_attn.linear_k.bias to zeros
2025-02-09 22:06:21,661 (initialize:88) INFO: Initialize decoder.encoders.3.self_attn.linear_v.bias to zeros
2025-02-09 22:06:21,661 (initialize:88) INFO: Initialize decoder.encoders.3.self_attn.linear_out.bias to zeros
2025-02-09 22:06:21,661 (initialize:88) INFO: Initialize decoder.encoders.3.feed_forward.w_1.bias to zeros
2025-02-09 22:06:21,661 (initialize:88) INFO: Initialize decoder.encoders.3.feed_forward.w_2.bias to zeros
2025-02-09 22:06:21,661 (initialize:88) INFO: Initialize decoder.encoders.3.norm1.bias to zeros
2025-02-09 22:06:21,661 (initialize:88) INFO: Initialize decoder.encoders.3.norm2.bias to zeros
2025-02-09 22:06:21,661 (initialize:88) INFO: Initialize decoder.after_norm.bias to zeros
2025-02-09 22:06:21,661 (initialize:88) INFO: Initialize feat_out.bias to zeros
2025-02-09 22:06:21,661 (initialize:88) INFO: Initialize postnet.postnet.0.1.bias to zeros
2025-02-09 22:06:21,661 (initialize:88) INFO: Initialize postnet.postnet.1.1.bias to zeros
2025-02-09 22:06:21,661 (initialize:88) INFO: Initialize postnet.postnet.2.1.bias to zeros
2025-02-09 22:06:21,661 (initialize:88) INFO: Initialize postnet.postnet.3.1.bias to zeros
2025-02-09 22:06:21,661 (initialize:88) INFO: Initialize postnet.postnet.4.1.bias to zeros
2025-02-09 22:15:07,632 (encoder:177) INFO: encoder self-attention layer type = self-attention
2025-02-09 22:15:07,711 (encoder:177) INFO: encoder self-attention layer type = self-attention
2025-02-09 22:15:07,896 (initialize:88) INFO: Initialize encoder.encoders.0.self_attn.linear_q.bias to zeros
2025-02-09 22:15:07,896 (initialize:88) INFO: Initialize encoder.encoders.0.self_attn.linear_k.bias to zeros
2025-02-09 22:15:07,896 (initialize:88) INFO: Initialize encoder.encoders.0.self_attn.linear_v.bias to zeros
2025-02-09 22:15:07,896 (initialize:88) INFO: Initialize encoder.encoders.0.self_attn.linear_out.bias to zeros
2025-02-09 22:15:07,896 (initialize:88) INFO: Initialize encoder.encoders.0.feed_forward.w_1.bias to zeros
2025-02-09 22:15:07,896 (initialize:88) INFO: Initialize encoder.encoders.0.feed_forward.w_2.bias to zeros
2025-02-09 22:15:07,896 (initialize:88) INFO: Initialize encoder.encoders.0.norm1.bias to zeros
2025-02-09 22:15:07,896 (initialize:88) INFO: Initialize encoder.encoders.0.norm2.bias to zeros
2025-02-09 22:15:07,896 (initialize:88) INFO: Initialize encoder.encoders.1.self_attn.linear_q.bias to zeros
2025-02-09 22:15:07,896 (initialize:88) INFO: Initialize encoder.encoders.1.self_attn.linear_k.bias to zeros
2025-02-09 22:15:07,896 (initialize:88) INFO: Initialize encoder.encoders.1.self_attn.linear_v.bias to zeros
2025-02-09 22:15:07,896 (initialize:88) INFO: Initialize encoder.encoders.1.self_attn.linear_out.bias to zeros
2025-02-09 22:15:07,896 (initialize:88) INFO: Initialize encoder.encoders.1.feed_forward.w_1.bias to zeros
2025-02-09 22:15:07,896 (initialize:88) INFO: Initialize encoder.encoders.1.feed_forward.w_2.bias to zeros
2025-02-09 22:15:07,896 (initialize:88) INFO: Initialize encoder.encoders.1.norm1.bias to zeros
2025-02-09 22:15:07,896 (initialize:88) INFO: Initialize encoder.encoders.1.norm2.bias to zeros
2025-02-09 22:15:07,897 (initialize:88) INFO: Initialize encoder.encoders.2.self_attn.linear_q.bias to zeros
2025-02-09 22:15:07,897 (initialize:88) INFO: Initialize encoder.encoders.2.self_attn.linear_k.bias to zeros
2025-02-09 22:15:07,897 (initialize:88) INFO: Initialize encoder.encoders.2.self_attn.linear_v.bias to zeros
2025-02-09 22:15:07,897 (initialize:88) INFO: Initialize encoder.encoders.2.self_attn.linear_out.bias to zeros
2025-02-09 22:15:07,897 (initialize:88) INFO: Initialize encoder.encoders.2.feed_forward.w_1.bias to zeros
2025-02-09 22:15:07,897 (initialize:88) INFO: Initialize encoder.encoders.2.feed_forward.w_2.bias to zeros
2025-02-09 22:15:07,897 (initialize:88) INFO: Initialize encoder.encoders.2.norm1.bias to zeros
2025-02-09 22:15:07,897 (initialize:88) INFO: Initialize encoder.encoders.2.norm2.bias to zeros
2025-02-09 22:15:07,897 (initialize:88) INFO: Initialize encoder.encoders.3.self_attn.linear_q.bias to zeros
2025-02-09 22:15:07,897 (initialize:88) INFO: Initialize encoder.encoders.3.self_attn.linear_k.bias to zeros
2025-02-09 22:15:07,897 (initialize:88) INFO: Initialize encoder.encoders.3.self_attn.linear_v.bias to zeros
2025-02-09 22:15:07,897 (initialize:88) INFO: Initialize encoder.encoders.3.self_attn.linear_out.bias to zeros
2025-02-09 22:15:07,897 (initialize:88) INFO: Initialize encoder.encoders.3.feed_forward.w_1.bias to zeros
2025-02-09 22:15:07,897 (initialize:88) INFO: Initialize encoder.encoders.3.feed_forward.w_2.bias to zeros
2025-02-09 22:15:07,897 (initialize:88) INFO: Initialize encoder.encoders.3.norm1.bias to zeros
2025-02-09 22:15:07,897 (initialize:88) INFO: Initialize encoder.encoders.3.norm2.bias to zeros
2025-02-09 22:15:07,897 (initialize:88) INFO: Initialize encoder.after_norm.bias to zeros
2025-02-09 22:15:07,897 (initialize:88) INFO: Initialize duration_predictor.conv.0.0.bias to zeros
2025-02-09 22:15:07,897 (initialize:88) INFO: Initialize duration_predictor.conv.0.2.bias to zeros
2025-02-09 22:15:07,897 (initialize:88) INFO: Initialize duration_predictor.conv.1.0.bias to zeros
2025-02-09 22:15:07,897 (initialize:88) INFO: Initialize duration_predictor.conv.1.2.bias to zeros
2025-02-09 22:15:07,897 (initialize:88) INFO: Initialize duration_predictor.linear.bias to zeros
2025-02-09 22:15:07,898 (initialize:88) INFO: Initialize pitch_predictor.conv.0.0.bias to zeros
2025-02-09 22:15:07,898 (initialize:88) INFO: Initialize pitch_predictor.conv.0.2.bias to zeros
2025-02-09 22:15:07,898 (initialize:88) INFO: Initialize pitch_predictor.conv.1.0.bias to zeros
2025-02-09 22:15:07,898 (initialize:88) INFO: Initialize pitch_predictor.conv.1.2.bias to zeros
2025-02-09 22:15:07,898 (initialize:88) INFO: Initialize pitch_predictor.linear.bias to zeros
2025-02-09 22:15:07,898 (initialize:88) INFO: Initialize pitch_embed.0.bias to zeros
2025-02-09 22:15:07,898 (initialize:88) INFO: Initialize energy_predictor.conv.0.0.bias to zeros
2025-02-09 22:15:07,898 (initialize:88) INFO: Initialize energy_predictor.conv.0.2.bias to zeros
2025-02-09 22:15:07,898 (initialize:88) INFO: Initialize energy_predictor.conv.1.0.bias to zeros
2025-02-09 22:15:07,898 (initialize:88) INFO: Initialize energy_predictor.conv.1.2.bias to zeros
2025-02-09 22:15:07,898 (initialize:88) INFO: Initialize energy_predictor.linear.bias to zeros
2025-02-09 22:15:07,898 (initialize:88) INFO: Initialize energy_embed.0.bias to zeros
2025-02-09 22:15:07,898 (initialize:88) INFO: Initialize decoder.encoders.0.self_attn.linear_q.bias to zeros
2025-02-09 22:15:07,898 (initialize:88) INFO: Initialize decoder.encoders.0.self_attn.linear_k.bias to zeros
2025-02-09 22:15:07,898 (initialize:88) INFO: Initialize decoder.encoders.0.self_attn.linear_v.bias to zeros
2025-02-09 22:15:07,898 (initialize:88) INFO: Initialize decoder.encoders.0.self_attn.linear_out.bias to zeros
2025-02-09 22:15:07,898 (initialize:88) INFO: Initialize decoder.encoders.0.feed_forward.w_1.bias to zeros
2025-02-09 22:15:07,898 (initialize:88) INFO: Initialize decoder.encoders.0.feed_forward.w_2.bias to zeros
2025-02-09 22:15:07,898 (initialize:88) INFO: Initialize decoder.encoders.0.norm1.bias to zeros
2025-02-09 22:15:07,898 (initialize:88) INFO: Initialize decoder.encoders.0.norm2.bias to zeros
2025-02-09 22:15:07,898 (initialize:88) INFO: Initialize decoder.encoders.1.self_attn.linear_q.bias to zeros
2025-02-09 22:15:07,898 (initialize:88) INFO: Initialize decoder.encoders.1.self_attn.linear_k.bias to zeros
2025-02-09 22:15:07,898 (initialize:88) INFO: Initialize decoder.encoders.1.self_attn.linear_v.bias to zeros
2025-02-09 22:15:07,899 (initialize:88) INFO: Initialize decoder.encoders.1.self_attn.linear_out.bias to zeros
2025-02-09 22:15:07,899 (initialize:88) INFO: Initialize decoder.encoders.1.feed_forward.w_1.bias to zeros
2025-02-09 22:15:07,899 (initialize:88) INFO: Initialize decoder.encoders.1.feed_forward.w_2.bias to zeros
2025-02-09 22:15:07,899 (initialize:88) INFO: Initialize decoder.encoders.1.norm1.bias to zeros
2025-02-09 22:15:07,899 (initialize:88) INFO: Initialize decoder.encoders.1.norm2.bias to zeros
2025-02-09 22:15:07,899 (initialize:88) INFO: Initialize decoder.encoders.2.self_attn.linear_q.bias to zeros
2025-02-09 22:15:07,899 (initialize:88) INFO: Initialize decoder.encoders.2.self_attn.linear_k.bias to zeros
2025-02-09 22:15:07,899 (initialize:88) INFO: Initialize decoder.encoders.2.self_attn.linear_v.bias to zeros
2025-02-09 22:15:07,899 (initialize:88) INFO: Initialize decoder.encoders.2.self_attn.linear_out.bias to zeros
2025-02-09 22:15:07,899 (initialize:88) INFO: Initialize decoder.encoders.2.feed_forward.w_1.bias to zeros
2025-02-09 22:15:07,899 (initialize:88) INFO: Initialize decoder.encoders.2.feed_forward.w_2.bias to zeros
2025-02-09 22:15:07,899 (initialize:88) INFO: Initialize decoder.encoders.2.norm1.bias to zeros
2025-02-09 22:15:07,899 (initialize:88) INFO: Initialize decoder.encoders.2.norm2.bias to zeros
2025-02-09 22:15:07,899 (initialize:88) INFO: Initialize decoder.encoders.3.self_attn.linear_q.bias to zeros
2025-02-09 22:15:07,899 (initialize:88) INFO: Initialize decoder.encoders.3.self_attn.linear_k.bias to zeros
2025-02-09 22:15:07,899 (initialize:88) INFO: Initialize decoder.encoders.3.self_attn.linear_v.bias to zeros
2025-02-09 22:15:07,899 (initialize:88) INFO: Initialize decoder.encoders.3.self_attn.linear_out.bias to zeros
2025-02-09 22:15:07,899 (initialize:88) INFO: Initialize decoder.encoders.3.feed_forward.w_1.bias to zeros
2025-02-09 22:15:07,899 (initialize:88) INFO: Initialize decoder.encoders.3.feed_forward.w_2.bias to zeros
2025-02-09 22:15:07,899 (initialize:88) INFO: Initialize decoder.encoders.3.norm1.bias to zeros
2025-02-09 22:15:07,899 (initialize:88) INFO: Initialize decoder.encoders.3.norm2.bias to zeros
2025-02-09 22:15:07,899 (initialize:88) INFO: Initialize decoder.after_norm.bias to zeros
2025-02-09 22:15:07,899 (initialize:88) INFO: Initialize feat_out.bias to zeros
2025-02-09 22:15:07,899 (initialize:88) INFO: Initialize postnet.postnet.0.1.bias to zeros
2025-02-09 22:15:07,900 (initialize:88) INFO: Initialize postnet.postnet.1.1.bias to zeros
2025-02-09 22:15:07,900 (initialize:88) INFO: Initialize postnet.postnet.2.1.bias to zeros
2025-02-09 22:15:07,900 (initialize:88) INFO: Initialize postnet.postnet.3.1.bias to zeros
2025-02-09 22:15:07,900 (initialize:88) INFO: Initialize postnet.postnet.4.1.bias to zeros
2025-02-09 22:16:24,737 (encoder:177) INFO: encoder self-attention layer type = self-attention
2025-02-09 22:16:24,816 (encoder:177) INFO: encoder self-attention layer type = self-attention
2025-02-09 22:16:24,995 (initialize:88) INFO: Initialize encoder.encoders.0.self_attn.linear_q.bias to zeros
2025-02-09 22:16:24,995 (initialize:88) INFO: Initialize encoder.encoders.0.self_attn.linear_k.bias to zeros
2025-02-09 22:16:24,995 (initialize:88) INFO: Initialize encoder.encoders.0.self_attn.linear_v.bias to zeros
2025-02-09 22:16:24,995 (initialize:88) INFO: Initialize encoder.encoders.0.self_attn.linear_out.bias to zeros
2025-02-09 22:16:24,995 (initialize:88) INFO: Initialize encoder.encoders.0.feed_forward.w_1.bias to zeros
2025-02-09 22:16:24,995 (initialize:88) INFO: Initialize encoder.encoders.0.feed_forward.w_2.bias to zeros
2025-02-09 22:16:24,995 (initialize:88) INFO: Initialize encoder.encoders.0.norm1.bias to zeros
2025-02-09 22:16:24,995 (initialize:88) INFO: Initialize encoder.encoders.0.norm2.bias to zeros
2025-02-09 22:16:24,995 (initialize:88) INFO: Initialize encoder.encoders.1.self_attn.linear_q.bias to zeros
2025-02-09 22:16:24,995 (initialize:88) INFO: Initialize encoder.encoders.1.self_attn.linear_k.bias to zeros
2025-02-09 22:16:24,995 (initialize:88) INFO: Initialize encoder.encoders.1.self_attn.linear_v.bias to zeros
2025-02-09 22:16:24,995 (initialize:88) INFO: Initialize encoder.encoders.1.self_attn.linear_out.bias to zeros
2025-02-09 22:16:24,995 (initialize:88) INFO: Initialize encoder.encoders.1.feed_forward.w_1.bias to zeros
2025-02-09 22:16:24,995 (initialize:88) INFO: Initialize encoder.encoders.1.feed_forward.w_2.bias to zeros
2025-02-09 22:16:24,995 (initialize:88) INFO: Initialize encoder.encoders.1.norm1.bias to zeros
2025-02-09 22:16:24,995 (initialize:88) INFO: Initialize encoder.encoders.1.norm2.bias to zeros
2025-02-09 22:16:24,996 (initialize:88) INFO: Initialize encoder.encoders.2.self_attn.linear_q.bias to zeros
2025-02-09 22:16:24,996 (initialize:88) INFO: Initialize encoder.encoders.2.self_attn.linear_k.bias to zeros
2025-02-09 22:16:24,996 (initialize:88) INFO: Initialize encoder.encoders.2.self_attn.linear_v.bias to zeros
2025-02-09 22:16:24,996 (initialize:88) INFO: Initialize encoder.encoders.2.self_attn.linear_out.bias to zeros
2025-02-09 22:16:24,996 (initialize:88) INFO: Initialize encoder.encoders.2.feed_forward.w_1.bias to zeros
2025-02-09 22:16:24,996 (initialize:88) INFO: Initialize encoder.encoders.2.feed_forward.w_2.bias to zeros
2025-02-09 22:16:24,996 (initialize:88) INFO: Initialize encoder.encoders.2.norm1.bias to zeros
2025-02-09 22:16:24,996 (initialize:88) INFO: Initialize encoder.encoders.2.norm2.bias to zeros
2025-02-09 22:16:24,996 (initialize:88) INFO: Initialize encoder.encoders.3.self_attn.linear_q.bias to zeros
2025-02-09 22:16:24,996 (initialize:88) INFO: Initialize encoder.encoders.3.self_attn.linear_k.bias to zeros
2025-02-09 22:16:24,996 (initialize:88) INFO: Initialize encoder.encoders.3.self_attn.linear_v.bias to zeros
2025-02-09 22:16:24,996 (initialize:88) INFO: Initialize encoder.encoders.3.self_attn.linear_out.bias to zeros
2025-02-09 22:16:24,996 (initialize:88) INFO: Initialize encoder.encoders.3.feed_forward.w_1.bias to zeros
2025-02-09 22:16:24,996 (initialize:88) INFO: Initialize encoder.encoders.3.feed_forward.w_2.bias to zeros
2025-02-09 22:16:24,996 (initialize:88) INFO: Initialize encoder.encoders.3.norm1.bias to zeros
2025-02-09 22:16:24,996 (initialize:88) INFO: Initialize encoder.encoders.3.norm2.bias to zeros
2025-02-09 22:16:24,996 (initialize:88) INFO: Initialize encoder.after_norm.bias to zeros
2025-02-09 22:16:24,996 (initialize:88) INFO: Initialize duration_predictor.conv.0.0.bias to zeros
2025-02-09 22:16:24,996 (initialize:88) INFO: Initialize duration_predictor.conv.0.2.bias to zeros
2025-02-09 22:16:24,996 (initialize:88) INFO: Initialize duration_predictor.conv.1.0.bias to zeros
2025-02-09 22:16:24,996 (initialize:88) INFO: Initialize duration_predictor.conv.1.2.bias to zeros
2025-02-09 22:16:24,996 (initialize:88) INFO: Initialize duration_predictor.linear.bias to zeros
2025-02-09 22:16:24,996 (initialize:88) INFO: Initialize pitch_predictor.conv.0.0.bias to zeros
2025-02-09 22:16:24,997 (initialize:88) INFO: Initialize pitch_predictor.conv.0.2.bias to zeros
2025-02-09 22:16:24,997 (initialize:88) INFO: Initialize pitch_predictor.conv.1.0.bias to zeros
2025-02-09 22:16:24,997 (initialize:88) INFO: Initialize pitch_predictor.conv.1.2.bias to zeros
2025-02-09 22:16:24,997 (initialize:88) INFO: Initialize pitch_predictor.linear.bias to zeros
2025-02-09 22:16:24,997 (initialize:88) INFO: Initialize pitch_embed.0.bias to zeros
2025-02-09 22:16:24,997 (initialize:88) INFO: Initialize energy_predictor.conv.0.0.bias to zeros
2025-02-09 22:16:24,997 (initialize:88) INFO: Initialize energy_predictor.conv.0.2.bias to zeros
2025-02-09 22:16:24,997 (initialize:88) INFO: Initialize energy_predictor.conv.1.0.bias to zeros
2025-02-09 22:16:24,997 (initialize:88) INFO: Initialize energy_predictor.conv.1.2.bias to zeros
2025-02-09 22:16:24,997 (initialize:88) INFO: Initialize energy_predictor.linear.bias to zeros
2025-02-09 22:16:24,997 (initialize:88) INFO: Initialize energy_embed.0.bias to zeros
2025-02-09 22:16:24,997 (initialize:88) INFO: Initialize decoder.encoders.0.self_attn.linear_q.bias to zeros
2025-02-09 22:16:24,997 (initialize:88) INFO: Initialize decoder.encoders.0.self_attn.linear_k.bias to zeros
2025-02-09 22:16:24,997 (initialize:88) INFO: Initialize decoder.encoders.0.self_attn.linear_v.bias to zeros
2025-02-09 22:16:24,997 (initialize:88) INFO: Initialize decoder.encoders.0.self_attn.linear_out.bias to zeros
2025-02-09 22:16:24,997 (initialize:88) INFO: Initialize decoder.encoders.0.feed_forward.w_1.bias to zeros
2025-02-09 22:16:24,997 (initialize:88) INFO: Initialize decoder.encoders.0.feed_forward.w_2.bias to zeros
2025-02-09 22:16:24,997 (initialize:88) INFO: Initialize decoder.encoders.0.norm1.bias to zeros
2025-02-09 22:16:24,997 (initialize:88) INFO: Initialize decoder.encoders.0.norm2.bias to zeros
2025-02-09 22:16:24,997 (initialize:88) INFO: Initialize decoder.encoders.1.self_attn.linear_q.bias to zeros
2025-02-09 22:16:24,997 (initialize:88) INFO: Initialize decoder.encoders.1.self_attn.linear_k.bias to zeros
2025-02-09 22:16:24,997 (initialize:88) INFO: Initialize decoder.encoders.1.self_attn.linear_v.bias to zeros
2025-02-09 22:16:24,998 (initialize:88) INFO: Initialize decoder.encoders.1.self_attn.linear_out.bias to zeros
2025-02-09 22:16:24,998 (initialize:88) INFO: Initialize decoder.encoders.1.feed_forward.w_1.bias to zeros
2025-02-09 22:16:24,998 (initialize:88) INFO: Initialize decoder.encoders.1.feed_forward.w_2.bias to zeros
2025-02-09 22:16:24,998 (initialize:88) INFO: Initialize decoder.encoders.1.norm1.bias to zeros
2025-02-09 22:16:24,998 (initialize:88) INFO: Initialize decoder.encoders.1.norm2.bias to zeros
2025-02-09 22:16:24,998 (initialize:88) INFO: Initialize decoder.encoders.2.self_attn.linear_q.bias to zeros
2025-02-09 22:16:24,998 (initialize:88) INFO: Initialize decoder.encoders.2.self_attn.linear_k.bias to zeros
2025-02-09 22:16:24,998 (initialize:88) INFO: Initialize decoder.encoders.2.self_attn.linear_v.bias to zeros
2025-02-09 22:16:24,998 (initialize:88) INFO: Initialize decoder.encoders.2.self_attn.linear_out.bias to zeros
2025-02-09 22:16:24,998 (initialize:88) INFO: Initialize decoder.encoders.2.feed_forward.w_1.bias to zeros
2025-02-09 22:16:24,998 (initialize:88) INFO: Initialize decoder.encoders.2.feed_forward.w_2.bias to zeros
2025-02-09 22:16:24,998 (initialize:88) INFO: Initialize decoder.encoders.2.norm1.bias to zeros
2025-02-09 22:16:24,998 (initialize:88) INFO: Initialize decoder.encoders.2.norm2.bias to zeros
2025-02-09 22:16:24,998 (initialize:88) INFO: Initialize decoder.encoders.3.self_attn.linear_q.bias to zeros
2025-02-09 22:16:24,998 (initialize:88) INFO: Initialize decoder.encoders.3.self_attn.linear_k.bias to zeros
2025-02-09 22:16:24,998 (initialize:88) INFO: Initialize decoder.encoders.3.self_attn.linear_v.bias to zeros
2025-02-09 22:16:24,998 (initialize:88) INFO: Initialize decoder.encoders.3.self_attn.linear_out.bias to zeros
2025-02-09 22:16:24,998 (initialize:88) INFO: Initialize decoder.encoders.3.feed_forward.w_1.bias to zeros
2025-02-09 22:16:24,998 (initialize:88) INFO: Initialize decoder.encoders.3.feed_forward.w_2.bias to zeros
2025-02-09 22:16:24,998 (initialize:88) INFO: Initialize decoder.encoders.3.norm1.bias to zeros
2025-02-09 22:16:24,998 (initialize:88) INFO: Initialize decoder.encoders.3.norm2.bias to zeros
2025-02-09 22:16:24,998 (initialize:88) INFO: Initialize decoder.after_norm.bias to zeros
2025-02-09 22:16:24,999 (initialize:88) INFO: Initialize feat_out.bias to zeros
2025-02-09 22:16:24,999 (initialize:88) INFO: Initialize postnet.postnet.0.1.bias to zeros
2025-02-09 22:16:24,999 (initialize:88) INFO: Initialize postnet.postnet.1.1.bias to zeros
2025-02-09 22:16:24,999 (initialize:88) INFO: Initialize postnet.postnet.2.1.bias to zeros
2025-02-09 22:16:24,999 (initialize:88) INFO: Initialize postnet.postnet.3.1.bias to zeros
2025-02-09 22:16:24,999 (initialize:88) INFO: Initialize postnet.postnet.4.1.bias to zeros
2025-02-09 22:17:36,415 (encoder:177) INFO: encoder self-attention layer type = self-attention
2025-02-09 22:17:36,576 (encoder:177) INFO: encoder self-attention layer type = self-attention
2025-02-09 22:17:36,756 (initialize:88) INFO: Initialize encoder.encoders.0.self_attn.linear_q.bias to zeros
2025-02-09 22:17:36,757 (initialize:88) INFO: Initialize encoder.encoders.0.self_attn.linear_k.bias to zeros
2025-02-09 22:17:36,757 (initialize:88) INFO: Initialize encoder.encoders.0.self_attn.linear_v.bias to zeros
2025-02-09 22:17:36,757 (initialize:88) INFO: Initialize encoder.encoders.0.self_attn.linear_out.bias to zeros
2025-02-09 22:17:36,757 (initialize:88) INFO: Initialize encoder.encoders.0.feed_forward.w_1.bias to zeros
2025-02-09 22:17:36,757 (initialize:88) INFO: Initialize encoder.encoders.0.feed_forward.w_2.bias to zeros
2025-02-09 22:17:36,757 (initialize:88) INFO: Initialize encoder.encoders.0.norm1.bias to zeros
2025-02-09 22:17:36,757 (initialize:88) INFO: Initialize encoder.encoders.0.norm2.bias to zeros
2025-02-09 22:17:36,757 (initialize:88) INFO: Initialize encoder.encoders.1.self_attn.linear_q.bias to zeros
2025-02-09 22:17:36,757 (initialize:88) INFO: Initialize encoder.encoders.1.self_attn.linear_k.bias to zeros
2025-02-09 22:17:36,757 (initialize:88) INFO: Initialize encoder.encoders.1.self_attn.linear_v.bias to zeros
2025-02-09 22:17:36,757 (initialize:88) INFO: Initialize encoder.encoders.1.self_attn.linear_out.bias to zeros
2025-02-09 22:17:36,757 (initialize:88) INFO: Initialize encoder.encoders.1.feed_forward.w_1.bias to zeros
2025-02-09 22:17:36,757 (initialize:88) INFO: Initialize encoder.encoders.1.feed_forward.w_2.bias to zeros
2025-02-09 22:17:36,757 (initialize:88) INFO: Initialize encoder.encoders.1.norm1.bias to zeros
2025-02-09 22:17:36,757 (initialize:88) INFO: Initialize encoder.encoders.1.norm2.bias to zeros
2025-02-09 22:17:36,757 (initialize:88) INFO: Initialize encoder.encoders.2.self_attn.linear_q.bias to zeros
2025-02-09 22:17:36,757 (initialize:88) INFO: Initialize encoder.encoders.2.self_attn.linear_k.bias to zeros
2025-02-09 22:17:36,757 (initialize:88) INFO: Initialize encoder.encoders.2.self_attn.linear_v.bias to zeros
2025-02-09 22:17:36,757 (initialize:88) INFO: Initialize encoder.encoders.2.self_attn.linear_out.bias to zeros
2025-02-09 22:17:36,757 (initialize:88) INFO: Initialize encoder.encoders.2.feed_forward.w_1.bias to zeros
2025-02-09 22:17:36,757 (initialize:88) INFO: Initialize encoder.encoders.2.feed_forward.w_2.bias to zeros
2025-02-09 22:17:36,757 (initialize:88) INFO: Initialize encoder.encoders.2.norm1.bias to zeros
2025-02-09 22:17:36,758 (initialize:88) INFO: Initialize encoder.encoders.2.norm2.bias to zeros
2025-02-09 22:17:36,758 (initialize:88) INFO: Initialize encoder.encoders.3.self_attn.linear_q.bias to zeros
2025-02-09 22:17:36,758 (initialize:88) INFO: Initialize encoder.encoders.3.self_attn.linear_k.bias to zeros
2025-02-09 22:17:36,758 (initialize:88) INFO: Initialize encoder.encoders.3.self_attn.linear_v.bias to zeros
2025-02-09 22:17:36,758 (initialize:88) INFO: Initialize encoder.encoders.3.self_attn.linear_out.bias to zeros
2025-02-09 22:17:36,758 (initialize:88) INFO: Initialize encoder.encoders.3.feed_forward.w_1.bias to zeros
2025-02-09 22:17:36,758 (initialize:88) INFO: Initialize encoder.encoders.3.feed_forward.w_2.bias to zeros
2025-02-09 22:17:36,758 (initialize:88) INFO: Initialize encoder.encoders.3.norm1.bias to zeros
2025-02-09 22:17:36,758 (initialize:88) INFO: Initialize encoder.encoders.3.norm2.bias to zeros
2025-02-09 22:17:36,758 (initialize:88) INFO: Initialize encoder.after_norm.bias to zeros
2025-02-09 22:17:36,758 (initialize:88) INFO: Initialize duration_predictor.conv.0.0.bias to zeros
2025-02-09 22:17:36,758 (initialize:88) INFO: Initialize duration_predictor.conv.0.2.bias to zeros
2025-02-09 22:17:36,758 (initialize:88) INFO: Initialize duration_predictor.conv.1.0.bias to zeros
2025-02-09 22:17:36,758 (initialize:88) INFO: Initialize duration_predictor.conv.1.2.bias to zeros
2025-02-09 22:17:36,758 (initialize:88) INFO: Initialize duration_predictor.linear.bias to zeros
2025-02-09 22:17:36,758 (initialize:88) INFO: Initialize pitch_predictor.conv.0.0.bias to zeros
2025-02-09 22:17:36,758 (initialize:88) INFO: Initialize pitch_predictor.conv.0.2.bias to zeros
2025-02-09 22:17:36,758 (initialize:88) INFO: Initialize pitch_predictor.conv.1.0.bias to zeros
2025-02-09 22:17:36,758 (initialize:88) INFO: Initialize pitch_predictor.conv.1.2.bias to zeros
2025-02-09 22:17:36,758 (initialize:88) INFO: Initialize pitch_predictor.linear.bias to zeros
2025-02-09 22:17:36,758 (initialize:88) INFO: Initialize pitch_embed.0.bias to zeros
2025-02-09 22:17:36,759 (initialize:88) INFO: Initialize energy_predictor.conv.0.0.bias to zeros
2025-02-09 22:17:36,759 (initialize:88) INFO: Initialize energy_predictor.conv.0.2.bias to zeros
2025-02-09 22:17:36,759 (initialize:88) INFO: Initialize energy_predictor.conv.1.0.bias to zeros
2025-02-09 22:17:36,759 (initialize:88) INFO: Initialize energy_predictor.conv.1.2.bias to zeros
2025-02-09 22:17:36,759 (initialize:88) INFO: Initialize energy_predictor.linear.bias to zeros
2025-02-09 22:17:36,759 (initialize:88) INFO: Initialize energy_embed.0.bias to zeros
2025-02-09 22:17:36,759 (initialize:88) INFO: Initialize decoder.encoders.0.self_attn.linear_q.bias to zeros
2025-02-09 22:17:36,759 (initialize:88) INFO: Initialize decoder.encoders.0.self_attn.linear_k.bias to zeros
2025-02-09 22:17:36,759 (initialize:88) INFO: Initialize decoder.encoders.0.self_attn.linear_v.bias to zeros
2025-02-09 22:17:36,759 (initialize:88) INFO: Initialize decoder.encoders.0.self_attn.linear_out.bias to zeros
2025-02-09 22:17:36,759 (initialize:88) INFO: Initialize decoder.encoders.0.feed_forward.w_1.bias to zeros
2025-02-09 22:17:36,759 (initialize:88) INFO: Initialize decoder.encoders.0.feed_forward.w_2.bias to zeros
2025-02-09 22:17:36,759 (initialize:88) INFO: Initialize decoder.encoders.0.norm1.bias to zeros
2025-02-09 22:17:36,759 (initialize:88) INFO: Initialize decoder.encoders.0.norm2.bias to zeros
2025-02-09 22:17:36,759 (initialize:88) INFO: Initialize decoder.encoders.1.self_attn.linear_q.bias to zeros
2025-02-09 22:17:36,759 (initialize:88) INFO: Initialize decoder.encoders.1.self_attn.linear_k.bias to zeros
2025-02-09 22:17:36,759 (initialize:88) INFO: Initialize decoder.encoders.1.self_attn.linear_v.bias to zeros
2025-02-09 22:17:36,759 (initialize:88) INFO: Initialize decoder.encoders.1.self_attn.linear_out.bias to zeros
2025-02-09 22:17:36,759 (initialize:88) INFO: Initialize decoder.encoders.1.feed_forward.w_1.bias to zeros
2025-02-09 22:17:36,759 (initialize:88) INFO: Initialize decoder.encoders.1.feed_forward.w_2.bias to zeros
2025-02-09 22:17:36,759 (initialize:88) INFO: Initialize decoder.encoders.1.norm1.bias to zeros
2025-02-09 22:17:36,759 (initialize:88) INFO: Initialize decoder.encoders.1.norm2.bias to zeros
2025-02-09 22:17:36,759 (initialize:88) INFO: Initialize decoder.encoders.2.self_attn.linear_q.bias to zeros
2025-02-09 22:17:36,760 (initialize:88) INFO: Initialize decoder.encoders.2.self_attn.linear_k.bias to zeros
2025-02-09 22:17:36,760 (initialize:88) INFO: Initialize decoder.encoders.2.self_attn.linear_v.bias to zeros
2025-02-09 22:17:36,760 (initialize:88) INFO: Initialize decoder.encoders.2.self_attn.linear_out.bias to zeros
2025-02-09 22:17:36,760 (initialize:88) INFO: Initialize decoder.encoders.2.feed_forward.w_1.bias to zeros
2025-02-09 22:17:36,760 (initialize:88) INFO: Initialize decoder.encoders.2.feed_forward.w_2.bias to zeros
2025-02-09 22:17:36,760 (initialize:88) INFO: Initialize decoder.encoders.2.norm1.bias to zeros
2025-02-09 22:17:36,760 (initialize:88) INFO: Initialize decoder.encoders.2.norm2.bias to zeros
2025-02-09 22:17:36,760 (initialize:88) INFO: Initialize decoder.encoders.3.self_attn.linear_q.bias to zeros
2025-02-09 22:17:36,760 (initialize:88) INFO: Initialize decoder.encoders.3.self_attn.linear_k.bias to zeros
2025-02-09 22:17:36,760 (initialize:88) INFO: Initialize decoder.encoders.3.self_attn.linear_v.bias to zeros
2025-02-09 22:17:36,760 (initialize:88) INFO: Initialize decoder.encoders.3.self_attn.linear_out.bias to zeros
2025-02-09 22:17:36,760 (initialize:88) INFO: Initialize decoder.encoders.3.feed_forward.w_1.bias to zeros
2025-02-09 22:17:36,760 (initialize:88) INFO: Initialize decoder.encoders.3.feed_forward.w_2.bias to zeros
2025-02-09 22:17:36,760 (initialize:88) INFO: Initialize decoder.encoders.3.norm1.bias to zeros
2025-02-09 22:17:36,760 (initialize:88) INFO: Initialize decoder.encoders.3.norm2.bias to zeros
2025-02-09 22:17:36,760 (initialize:88) INFO: Initialize decoder.after_norm.bias to zeros
2025-02-09 22:17:36,760 (initialize:88) INFO: Initialize feat_out.bias to zeros
2025-02-09 22:17:36,760 (initialize:88) INFO: Initialize postnet.postnet.0.1.bias to zeros
2025-02-09 22:17:36,760 (initialize:88) INFO: Initialize postnet.postnet.1.1.bias to zeros
2025-02-09 22:17:36,760 (initialize:88) INFO: Initialize postnet.postnet.2.1.bias to zeros
2025-02-09 22:17:36,760 (initialize:88) INFO: Initialize postnet.postnet.3.1.bias to zeros
2025-02-09 22:17:36,760 (initialize:88) INFO: Initialize postnet.postnet.4.1.bias to zeros
2025-02-09 22:20:20,937 (encoder:177) INFO: encoder self-attention layer type = self-attention
2025-02-09 22:20:21,016 (encoder:177) INFO: encoder self-attention layer type = self-attention
2025-02-09 22:20:21,196 (initialize:88) INFO: Initialize encoder.encoders.0.self_attn.linear_q.bias to zeros
2025-02-09 22:20:21,196 (initialize:88) INFO: Initialize encoder.encoders.0.self_attn.linear_k.bias to zeros
2025-02-09 22:20:21,196 (initialize:88) INFO: Initialize encoder.encoders.0.self_attn.linear_v.bias to zeros
2025-02-09 22:20:21,196 (initialize:88) INFO: Initialize encoder.encoders.0.self_attn.linear_out.bias to zeros
2025-02-09 22:20:21,196 (initialize:88) INFO: Initialize encoder.encoders.0.feed_forward.w_1.bias to zeros
2025-02-09 22:20:21,197 (initialize:88) INFO: Initialize encoder.encoders.0.feed_forward.w_2.bias to zeros
2025-02-09 22:20:21,197 (initialize:88) INFO: Initialize encoder.encoders.0.norm1.bias to zeros
2025-02-09 22:20:21,197 (initialize:88) INFO: Initialize encoder.encoders.0.norm2.bias to zeros
2025-02-09 22:20:21,197 (initialize:88) INFO: Initialize encoder.encoders.1.self_attn.linear_q.bias to zeros
2025-02-09 22:20:21,197 (initialize:88) INFO: Initialize encoder.encoders.1.self_attn.linear_k.bias to zeros
2025-02-09 22:20:21,197 (initialize:88) INFO: Initialize encoder.encoders.1.self_attn.linear_v.bias to zeros
2025-02-09 22:20:21,197 (initialize:88) INFO: Initialize encoder.encoders.1.self_attn.linear_out.bias to zeros
2025-02-09 22:20:21,197 (initialize:88) INFO: Initialize encoder.encoders.1.feed_forward.w_1.bias to zeros
2025-02-09 22:20:21,197 (initialize:88) INFO: Initialize encoder.encoders.1.feed_forward.w_2.bias to zeros
2025-02-09 22:20:21,197 (initialize:88) INFO: Initialize encoder.encoders.1.norm1.bias to zeros
2025-02-09 22:20:21,197 (initialize:88) INFO: Initialize encoder.encoders.1.norm2.bias to zeros
2025-02-09 22:20:21,197 (initialize:88) INFO: Initialize encoder.encoders.2.self_attn.linear_q.bias to zeros
2025-02-09 22:20:21,197 (initialize:88) INFO: Initialize encoder.encoders.2.self_attn.linear_k.bias to zeros
2025-02-09 22:20:21,197 (initialize:88) INFO: Initialize encoder.encoders.2.self_attn.linear_v.bias to zeros
2025-02-09 22:20:21,197 (initialize:88) INFO: Initialize encoder.encoders.2.self_attn.linear_out.bias to zeros
2025-02-09 22:20:21,197 (initialize:88) INFO: Initialize encoder.encoders.2.feed_forward.w_1.bias to zeros
2025-02-09 22:20:21,197 (initialize:88) INFO: Initialize encoder.encoders.2.feed_forward.w_2.bias to zeros
2025-02-09 22:20:21,197 (initialize:88) INFO: Initialize encoder.encoders.2.norm1.bias to zeros
2025-02-09 22:20:21,197 (initialize:88) INFO: Initialize encoder.encoders.2.norm2.bias to zeros
2025-02-09 22:20:21,197 (initialize:88) INFO: Initialize encoder.encoders.3.self_attn.linear_q.bias to zeros
2025-02-09 22:20:21,197 (initialize:88) INFO: Initialize encoder.encoders.3.self_attn.linear_k.bias to zeros
2025-02-09 22:20:21,197 (initialize:88) INFO: Initialize encoder.encoders.3.self_attn.linear_v.bias to zeros
2025-02-09 22:20:21,197 (initialize:88) INFO: Initialize encoder.encoders.3.self_attn.linear_out.bias to zeros
2025-02-09 22:20:21,198 (initialize:88) INFO: Initialize encoder.encoders.3.feed_forward.w_1.bias to zeros
2025-02-09 22:20:21,198 (initialize:88) INFO: Initialize encoder.encoders.3.feed_forward.w_2.bias to zeros
2025-02-09 22:20:21,198 (initialize:88) INFO: Initialize encoder.encoders.3.norm1.bias to zeros
2025-02-09 22:20:21,198 (initialize:88) INFO: Initialize encoder.encoders.3.norm2.bias to zeros
2025-02-09 22:20:21,198 (initialize:88) INFO: Initialize encoder.after_norm.bias to zeros
2025-02-09 22:20:21,198 (initialize:88) INFO: Initialize duration_predictor.conv.0.0.bias to zeros
2025-02-09 22:20:21,198 (initialize:88) INFO: Initialize duration_predictor.conv.0.2.bias to zeros
2025-02-09 22:20:21,198 (initialize:88) INFO: Initialize duration_predictor.conv.1.0.bias to zeros
2025-02-09 22:20:21,198 (initialize:88) INFO: Initialize duration_predictor.conv.1.2.bias to zeros
2025-02-09 22:20:21,198 (initialize:88) INFO: Initialize duration_predictor.linear.bias to zeros
2025-02-09 22:20:21,198 (initialize:88) INFO: Initialize pitch_predictor.conv.0.0.bias to zeros
2025-02-09 22:20:21,198 (initialize:88) INFO: Initialize pitch_predictor.conv.0.2.bias to zeros
2025-02-09 22:20:21,198 (initialize:88) INFO: Initialize pitch_predictor.conv.1.0.bias to zeros
2025-02-09 22:20:21,198 (initialize:88) INFO: Initialize pitch_predictor.conv.1.2.bias to zeros
2025-02-09 22:20:21,198 (initialize:88) INFO: Initialize pitch_predictor.linear.bias to zeros
2025-02-09 22:20:21,198 (initialize:88) INFO: Initialize pitch_embed.0.bias to zeros
2025-02-09 22:20:21,198 (initialize:88) INFO: Initialize energy_predictor.conv.0.0.bias to zeros
2025-02-09 22:20:21,198 (initialize:88) INFO: Initialize energy_predictor.conv.0.2.bias to zeros
2025-02-09 22:20:21,198 (initialize:88) INFO: Initialize energy_predictor.conv.1.0.bias to zeros
2025-02-09 22:20:21,198 (initialize:88) INFO: Initialize energy_predictor.conv.1.2.bias to zeros
2025-02-09 22:20:21,198 (initialize:88) INFO: Initialize energy_predictor.linear.bias to zeros
2025-02-09 22:20:21,198 (initialize:88) INFO: Initialize energy_embed.0.bias to zeros
2025-02-09 22:20:21,199 (initialize:88) INFO: Initialize decoder.encoders.0.self_attn.linear_q.bias to zeros
2025-02-09 22:20:21,199 (initialize:88) INFO: Initialize decoder.encoders.0.self_attn.linear_k.bias to zeros
2025-02-09 22:20:21,199 (initialize:88) INFO: Initialize decoder.encoders.0.self_attn.linear_v.bias to zeros
2025-02-09 22:20:21,199 (initialize:88) INFO: Initialize decoder.encoders.0.self_attn.linear_out.bias to zeros
2025-02-09 22:20:21,199 (initialize:88) INFO: Initialize decoder.encoders.0.feed_forward.w_1.bias to zeros
2025-02-09 22:20:21,199 (initialize:88) INFO: Initialize decoder.encoders.0.feed_forward.w_2.bias to zeros
2025-02-09 22:20:21,199 (initialize:88) INFO: Initialize decoder.encoders.0.norm1.bias to zeros
2025-02-09 22:20:21,199 (initialize:88) INFO: Initialize decoder.encoders.0.norm2.bias to zeros
2025-02-09 22:20:21,199 (initialize:88) INFO: Initialize decoder.encoders.1.self_attn.linear_q.bias to zeros
2025-02-09 22:20:21,199 (initialize:88) INFO: Initialize decoder.encoders.1.self_attn.linear_k.bias to zeros
2025-02-09 22:20:21,199 (initialize:88) INFO: Initialize decoder.encoders.1.self_attn.linear_v.bias to zeros
2025-02-09 22:20:21,199 (initialize:88) INFO: Initialize decoder.encoders.1.self_attn.linear_out.bias to zeros
2025-02-09 22:20:21,199 (initialize:88) INFO: Initialize decoder.encoders.1.feed_forward.w_1.bias to zeros
2025-02-09 22:20:21,199 (initialize:88) INFO: Initialize decoder.encoders.1.feed_forward.w_2.bias to zeros
2025-02-09 22:20:21,199 (initialize:88) INFO: Initialize decoder.encoders.1.norm1.bias to zeros
2025-02-09 22:20:21,199 (initialize:88) INFO: Initialize decoder.encoders.1.norm2.bias to zeros
2025-02-09 22:20:21,199 (initialize:88) INFO: Initialize decoder.encoders.2.self_attn.linear_q.bias to zeros
2025-02-09 22:20:21,199 (initialize:88) INFO: Initialize decoder.encoders.2.self_attn.linear_k.bias to zeros
2025-02-09 22:20:21,199 (initialize:88) INFO: Initialize decoder.encoders.2.self_attn.linear_v.bias to zeros
2025-02-09 22:20:21,199 (initialize:88) INFO: Initialize decoder.encoders.2.self_attn.linear_out.bias to zeros
2025-02-09 22:20:21,199 (initialize:88) INFO: Initialize decoder.encoders.2.feed_forward.w_1.bias to zeros
2025-02-09 22:20:21,199 (initialize:88) INFO: Initialize decoder.encoders.2.feed_forward.w_2.bias to zeros
2025-02-09 22:20:21,199 (initialize:88) INFO: Initialize decoder.encoders.2.norm1.bias to zeros
2025-02-09 22:20:21,199 (initialize:88) INFO: Initialize decoder.encoders.2.norm2.bias to zeros
2025-02-09 22:20:21,200 (initialize:88) INFO: Initialize decoder.encoders.3.self_attn.linear_q.bias to zeros
2025-02-09 22:20:21,200 (initialize:88) INFO: Initialize decoder.encoders.3.self_attn.linear_k.bias to zeros
2025-02-09 22:20:21,200 (initialize:88) INFO: Initialize decoder.encoders.3.self_attn.linear_v.bias to zeros
2025-02-09 22:20:21,200 (initialize:88) INFO: Initialize decoder.encoders.3.self_attn.linear_out.bias to zeros
2025-02-09 22:20:21,200 (initialize:88) INFO: Initialize decoder.encoders.3.feed_forward.w_1.bias to zeros
2025-02-09 22:20:21,200 (initialize:88) INFO: Initialize decoder.encoders.3.feed_forward.w_2.bias to zeros
2025-02-09 22:20:21,200 (initialize:88) INFO: Initialize decoder.encoders.3.norm1.bias to zeros
2025-02-09 22:20:21,200 (initialize:88) INFO: Initialize decoder.encoders.3.norm2.bias to zeros
2025-02-09 22:20:21,200 (initialize:88) INFO: Initialize decoder.after_norm.bias to zeros
2025-02-09 22:20:21,200 (initialize:88) INFO: Initialize feat_out.bias to zeros
2025-02-09 22:20:21,200 (initialize:88) INFO: Initialize postnet.postnet.0.1.bias to zeros
2025-02-09 22:20:21,200 (initialize:88) INFO: Initialize postnet.postnet.1.1.bias to zeros
2025-02-09 22:20:21,200 (initialize:88) INFO: Initialize postnet.postnet.2.1.bias to zeros
2025-02-09 22:20:21,200 (initialize:88) INFO: Initialize postnet.postnet.3.1.bias to zeros
2025-02-09 22:20:21,200 (initialize:88) INFO: Initialize postnet.postnet.4.1.bias to zeros
2025-02-09 22:22:11,549 (encoder:177) INFO: encoder self-attention layer type = self-attention
2025-02-09 22:22:11,626 (encoder:177) INFO: encoder self-attention layer type = self-attention
2025-02-09 22:22:11,804 (initialize:88) INFO: Initialize encoder.encoders.0.self_attn.linear_q.bias to zeros
2025-02-09 22:22:11,804 (initialize:88) INFO: Initialize encoder.encoders.0.self_attn.linear_k.bias to zeros
2025-02-09 22:22:11,804 (initialize:88) INFO: Initialize encoder.encoders.0.self_attn.linear_v.bias to zeros
2025-02-09 22:22:11,804 (initialize:88) INFO: Initialize encoder.encoders.0.self_attn.linear_out.bias to zeros
2025-02-09 22:22:11,804 (initialize:88) INFO: Initialize encoder.encoders.0.feed_forward.w_1.bias to zeros
2025-02-09 22:22:11,804 (initialize:88) INFO: Initialize encoder.encoders.0.feed_forward.w_2.bias to zeros
2025-02-09 22:22:11,804 (initialize:88) INFO: Initialize encoder.encoders.0.norm1.bias to zeros
2025-02-09 22:22:11,804 (initialize:88) INFO: Initialize encoder.encoders.0.norm2.bias to zeros
2025-02-09 22:22:11,804 (initialize:88) INFO: Initialize encoder.encoders.1.self_attn.linear_q.bias to zeros
2025-02-09 22:22:11,804 (initialize:88) INFO: Initialize encoder.encoders.1.self_attn.linear_k.bias to zeros
2025-02-09 22:22:11,804 (initialize:88) INFO: Initialize encoder.encoders.1.self_attn.linear_v.bias to zeros
2025-02-09 22:22:11,809 (initialize:88) INFO: Initialize encoder.encoders.1.self_attn.linear_out.bias to zeros
2025-02-09 22:22:11,809 (initialize:88) INFO: Initialize encoder.encoders.1.feed_forward.w_1.bias to zeros
2025-02-09 22:22:11,809 (initialize:88) INFO: Initialize encoder.encoders.1.feed_forward.w_2.bias to zeros
2025-02-09 22:22:11,809 (initialize:88) INFO: Initialize encoder.encoders.1.norm1.bias to zeros
2025-02-09 22:22:11,809 (initialize:88) INFO: Initialize encoder.encoders.1.norm2.bias to zeros
2025-02-09 22:22:11,809 (initialize:88) INFO: Initialize encoder.encoders.2.self_attn.linear_q.bias to zeros
2025-02-09 22:22:11,810 (initialize:88) INFO: Initialize encoder.encoders.2.self_attn.linear_k.bias to zeros
2025-02-09 22:22:11,810 (initialize:88) INFO: Initialize encoder.encoders.2.self_attn.linear_v.bias to zeros
2025-02-09 22:22:11,810 (initialize:88) INFO: Initialize encoder.encoders.2.self_attn.linear_out.bias to zeros
2025-02-09 22:22:11,810 (initialize:88) INFO: Initialize encoder.encoders.2.feed_forward.w_1.bias to zeros
2025-02-09 22:22:11,810 (initialize:88) INFO: Initialize encoder.encoders.2.feed_forward.w_2.bias to zeros
2025-02-09 22:22:11,810 (initialize:88) INFO: Initialize encoder.encoders.2.norm1.bias to zeros
2025-02-09 22:22:11,810 (initialize:88) INFO: Initialize encoder.encoders.2.norm2.bias to zeros
2025-02-09 22:22:11,810 (initialize:88) INFO: Initialize encoder.encoders.3.self_attn.linear_q.bias to zeros
2025-02-09 22:22:11,810 (initialize:88) INFO: Initialize encoder.encoders.3.self_attn.linear_k.bias to zeros
2025-02-09 22:22:11,810 (initialize:88) INFO: Initialize encoder.encoders.3.self_attn.linear_v.bias to zeros
2025-02-09 22:22:11,810 (initialize:88) INFO: Initialize encoder.encoders.3.self_attn.linear_out.bias to zeros
2025-02-09 22:22:11,810 (initialize:88) INFO: Initialize encoder.encoders.3.feed_forward.w_1.bias to zeros
2025-02-09 22:22:11,810 (initialize:88) INFO: Initialize encoder.encoders.3.feed_forward.w_2.bias to zeros
2025-02-09 22:22:11,810 (initialize:88) INFO: Initialize encoder.encoders.3.norm1.bias to zeros
2025-02-09 22:22:11,810 (initialize:88) INFO: Initialize encoder.encoders.3.norm2.bias to zeros
2025-02-09 22:22:11,810 (initialize:88) INFO: Initialize encoder.after_norm.bias to zeros
2025-02-09 22:22:11,810 (initialize:88) INFO: Initialize duration_predictor.conv.0.0.bias to zeros
2025-02-09 22:22:11,810 (initialize:88) INFO: Initialize duration_predictor.conv.0.2.bias to zeros
2025-02-09 22:22:11,810 (initialize:88) INFO: Initialize duration_predictor.conv.1.0.bias to zeros
2025-02-09 22:22:11,810 (initialize:88) INFO: Initialize duration_predictor.conv.1.2.bias to zeros
2025-02-09 22:22:11,810 (initialize:88) INFO: Initialize duration_predictor.linear.bias to zeros
2025-02-09 22:22:11,810 (initialize:88) INFO: Initialize pitch_predictor.conv.0.0.bias to zeros
2025-02-09 22:22:11,811 (initialize:88) INFO: Initialize pitch_predictor.conv.0.2.bias to zeros
2025-02-09 22:22:11,811 (initialize:88) INFO: Initialize pitch_predictor.conv.1.0.bias to zeros
2025-02-09 22:22:11,811 (initialize:88) INFO: Initialize pitch_predictor.conv.1.2.bias to zeros
2025-02-09 22:22:11,811 (initialize:88) INFO: Initialize pitch_predictor.linear.bias to zeros
2025-02-09 22:22:11,811 (initialize:88) INFO: Initialize pitch_embed.0.bias to zeros
2025-02-09 22:22:11,811 (initialize:88) INFO: Initialize energy_predictor.conv.0.0.bias to zeros
2025-02-09 22:22:11,811 (initialize:88) INFO: Initialize energy_predictor.conv.0.2.bias to zeros
2025-02-09 22:22:11,811 (initialize:88) INFO: Initialize energy_predictor.conv.1.0.bias to zeros
2025-02-09 22:22:11,811 (initialize:88) INFO: Initialize energy_predictor.conv.1.2.bias to zeros
2025-02-09 22:22:11,811 (initialize:88) INFO: Initialize energy_predictor.linear.bias to zeros
2025-02-09 22:22:11,811 (initialize:88) INFO: Initialize energy_embed.0.bias to zeros
2025-02-09 22:22:11,811 (initialize:88) INFO: Initialize decoder.encoders.0.self_attn.linear_q.bias to zeros
2025-02-09 22:22:11,811 (initialize:88) INFO: Initialize decoder.encoders.0.self_attn.linear_k.bias to zeros
2025-02-09 22:22:11,811 (initialize:88) INFO: Initialize decoder.encoders.0.self_attn.linear_v.bias to zeros
2025-02-09 22:22:11,811 (initialize:88) INFO: Initialize decoder.encoders.0.self_attn.linear_out.bias to zeros
2025-02-09 22:22:11,811 (initialize:88) INFO: Initialize decoder.encoders.0.feed_forward.w_1.bias to zeros
2025-02-09 22:22:11,811 (initialize:88) INFO: Initialize decoder.encoders.0.feed_forward.w_2.bias to zeros
2025-02-09 22:22:11,811 (initialize:88) INFO: Initialize decoder.encoders.0.norm1.bias to zeros
2025-02-09 22:22:11,811 (initialize:88) INFO: Initialize decoder.encoders.0.norm2.bias to zeros
2025-02-09 22:22:11,811 (initialize:88) INFO: Initialize decoder.encoders.1.self_attn.linear_q.bias to zeros
2025-02-09 22:22:11,811 (initialize:88) INFO: Initialize decoder.encoders.1.self_attn.linear_k.bias to zeros
2025-02-09 22:22:11,812 (initialize:88) INFO: Initialize decoder.encoders.1.self_attn.linear_v.bias to zeros
2025-02-09 22:22:11,812 (initialize:88) INFO: Initialize decoder.encoders.1.self_attn.linear_out.bias to zeros
2025-02-09 22:22:11,812 (initialize:88) INFO: Initialize decoder.encoders.1.feed_forward.w_1.bias to zeros
2025-02-09 22:22:11,812 (initialize:88) INFO: Initialize decoder.encoders.1.feed_forward.w_2.bias to zeros
2025-02-09 22:22:11,812 (initialize:88) INFO: Initialize decoder.encoders.1.norm1.bias to zeros
2025-02-09 22:22:11,812 (initialize:88) INFO: Initialize decoder.encoders.1.norm2.bias to zeros
2025-02-09 22:22:11,812 (initialize:88) INFO: Initialize decoder.encoders.2.self_attn.linear_q.bias to zeros
2025-02-09 22:22:11,812 (initialize:88) INFO: Initialize decoder.encoders.2.self_attn.linear_k.bias to zeros
2025-02-09 22:22:11,812 (initialize:88) INFO: Initialize decoder.encoders.2.self_attn.linear_v.bias to zeros
2025-02-09 22:22:11,812 (initialize:88) INFO: Initialize decoder.encoders.2.self_attn.linear_out.bias to zeros
2025-02-09 22:22:11,812 (initialize:88) INFO: Initialize decoder.encoders.2.feed_forward.w_1.bias to zeros
2025-02-09 22:22:11,812 (initialize:88) INFO: Initialize decoder.encoders.2.feed_forward.w_2.bias to zeros
2025-02-09 22:22:11,812 (initialize:88) INFO: Initialize decoder.encoders.2.norm1.bias to zeros
2025-02-09 22:22:11,812 (initialize:88) INFO: Initialize decoder.encoders.2.norm2.bias to zeros
2025-02-09 22:22:11,812 (initialize:88) INFO: Initialize decoder.encoders.3.self_attn.linear_q.bias to zeros
2025-02-09 22:22:11,812 (initialize:88) INFO: Initialize decoder.encoders.3.self_attn.linear_k.bias to zeros
2025-02-09 22:22:11,812 (initialize:88) INFO: Initialize decoder.encoders.3.self_attn.linear_v.bias to zeros
2025-02-09 22:22:11,812 (initialize:88) INFO: Initialize decoder.encoders.3.self_attn.linear_out.bias to zeros
2025-02-09 22:22:11,812 (initialize:88) INFO: Initialize decoder.encoders.3.feed_forward.w_1.bias to zeros
2025-02-09 22:22:11,812 (initialize:88) INFO: Initialize decoder.encoders.3.feed_forward.w_2.bias to zeros
2025-02-09 22:22:11,812 (initialize:88) INFO: Initialize decoder.encoders.3.norm1.bias to zeros
2025-02-09 22:22:11,812 (initialize:88) INFO: Initialize decoder.encoders.3.norm2.bias to zeros
2025-02-09 22:22:11,812 (initialize:88) INFO: Initialize decoder.after_norm.bias to zeros
2025-02-09 22:22:11,813 (initialize:88) INFO: Initialize feat_out.bias to zeros
2025-02-09 22:22:11,813 (initialize:88) INFO: Initialize postnet.postnet.0.1.bias to zeros
2025-02-09 22:22:11,813 (initialize:88) INFO: Initialize postnet.postnet.1.1.bias to zeros
2025-02-09 22:22:11,813 (initialize:88) INFO: Initialize postnet.postnet.2.1.bias to zeros
2025-02-09 22:22:11,813 (initialize:88) INFO: Initialize postnet.postnet.3.1.bias to zeros
2025-02-09 22:22:11,813 (initialize:88) INFO: Initialize postnet.postnet.4.1.bias to zeros
2025-02-09 22:25:41,684 (encoder:177) INFO: encoder self-attention layer type = self-attention
2025-02-09 22:25:41,835 (encoder:177) INFO: encoder self-attention layer type = self-attention
2025-02-09 22:25:42,013 (initialize:88) INFO: Initialize encoder.encoders.0.self_attn.linear_q.bias to zeros
2025-02-09 22:25:42,013 (initialize:88) INFO: Initialize encoder.encoders.0.self_attn.linear_k.bias to zeros
2025-02-09 22:25:42,013 (initialize:88) INFO: Initialize encoder.encoders.0.self_attn.linear_v.bias to zeros
2025-02-09 22:25:42,013 (initialize:88) INFO: Initialize encoder.encoders.0.self_attn.linear_out.bias to zeros
2025-02-09 22:25:42,013 (initialize:88) INFO: Initialize encoder.encoders.0.feed_forward.w_1.bias to zeros
2025-02-09 22:25:42,013 (initialize:88) INFO: Initialize encoder.encoders.0.feed_forward.w_2.bias to zeros
2025-02-09 22:25:42,013 (initialize:88) INFO: Initialize encoder.encoders.0.norm1.bias to zeros
2025-02-09 22:25:42,013 (initialize:88) INFO: Initialize encoder.encoders.0.norm2.bias to zeros
2025-02-09 22:25:42,013 (initialize:88) INFO: Initialize encoder.encoders.1.self_attn.linear_q.bias to zeros
2025-02-09 22:25:42,013 (initialize:88) INFO: Initialize encoder.encoders.1.self_attn.linear_k.bias to zeros
2025-02-09 22:25:42,013 (initialize:88) INFO: Initialize encoder.encoders.1.self_attn.linear_v.bias to zeros
2025-02-09 22:25:42,013 (initialize:88) INFO: Initialize encoder.encoders.1.self_attn.linear_out.bias to zeros
2025-02-09 22:25:42,013 (initialize:88) INFO: Initialize encoder.encoders.1.feed_forward.w_1.bias to zeros
2025-02-09 22:25:42,013 (initialize:88) INFO: Initialize encoder.encoders.1.feed_forward.w_2.bias to zeros
2025-02-09 22:25:42,013 (initialize:88) INFO: Initialize encoder.encoders.1.norm1.bias to zeros
2025-02-09 22:25:42,013 (initialize:88) INFO: Initialize encoder.encoders.1.norm2.bias to zeros
2025-02-09 22:25:42,013 (initialize:88) INFO: Initialize encoder.encoders.2.self_attn.linear_q.bias to zeros
2025-02-09 22:25:42,013 (initialize:88) INFO: Initialize encoder.encoders.2.self_attn.linear_k.bias to zeros
2025-02-09 22:25:42,014 (initialize:88) INFO: Initialize encoder.encoders.2.self_attn.linear_v.bias to zeros
2025-02-09 22:25:42,014 (initialize:88) INFO: Initialize encoder.encoders.2.self_attn.linear_out.bias to zeros
2025-02-09 22:25:42,014 (initialize:88) INFO: Initialize encoder.encoders.2.feed_forward.w_1.bias to zeros
2025-02-09 22:25:42,014 (initialize:88) INFO: Initialize encoder.encoders.2.feed_forward.w_2.bias to zeros
2025-02-09 22:25:42,014 (initialize:88) INFO: Initialize encoder.encoders.2.norm1.bias to zeros
2025-02-09 22:25:42,014 (initialize:88) INFO: Initialize encoder.encoders.2.norm2.bias to zeros
2025-02-09 22:25:42,014 (initialize:88) INFO: Initialize encoder.encoders.3.self_attn.linear_q.bias to zeros
2025-02-09 22:25:42,014 (initialize:88) INFO: Initialize encoder.encoders.3.self_attn.linear_k.bias to zeros
2025-02-09 22:25:42,014 (initialize:88) INFO: Initialize encoder.encoders.3.self_attn.linear_v.bias to zeros
2025-02-09 22:25:42,014 (initialize:88) INFO: Initialize encoder.encoders.3.self_attn.linear_out.bias to zeros
2025-02-09 22:25:42,014 (initialize:88) INFO: Initialize encoder.encoders.3.feed_forward.w_1.bias to zeros
2025-02-09 22:25:42,014 (initialize:88) INFO: Initialize encoder.encoders.3.feed_forward.w_2.bias to zeros
2025-02-09 22:25:42,014 (initialize:88) INFO: Initialize encoder.encoders.3.norm1.bias to zeros
2025-02-09 22:25:42,014 (initialize:88) INFO: Initialize encoder.encoders.3.norm2.bias to zeros
2025-02-09 22:25:42,014 (initialize:88) INFO: Initialize encoder.after_norm.bias to zeros
2025-02-09 22:25:42,014 (initialize:88) INFO: Initialize duration_predictor.conv.0.0.bias to zeros
2025-02-09 22:25:42,014 (initialize:88) INFO: Initialize duration_predictor.conv.0.2.bias to zeros
2025-02-09 22:25:42,014 (initialize:88) INFO: Initialize duration_predictor.conv.1.0.bias to zeros
2025-02-09 22:25:42,014 (initialize:88) INFO: Initialize duration_predictor.conv.1.2.bias to zeros
2025-02-09 22:25:42,014 (initialize:88) INFO: Initialize duration_predictor.linear.bias to zeros
2025-02-09 22:25:42,014 (initialize:88) INFO: Initialize pitch_predictor.conv.0.0.bias to zeros
2025-02-09 22:25:42,014 (initialize:88) INFO: Initialize pitch_predictor.conv.0.2.bias to zeros
2025-02-09 22:25:42,015 (initialize:88) INFO: Initialize pitch_predictor.conv.1.0.bias to zeros
2025-02-09 22:25:42,015 (initialize:88) INFO: Initialize pitch_predictor.conv.1.2.bias to zeros
2025-02-09 22:25:42,015 (initialize:88) INFO: Initialize pitch_predictor.linear.bias to zeros
2025-02-09 22:25:42,015 (initialize:88) INFO: Initialize pitch_embed.0.bias to zeros
2025-02-09 22:25:42,015 (initialize:88) INFO: Initialize energy_predictor.conv.0.0.bias to zeros
2025-02-09 22:25:42,015 (initialize:88) INFO: Initialize energy_predictor.conv.0.2.bias to zeros
2025-02-09 22:25:42,015 (initialize:88) INFO: Initialize energy_predictor.conv.1.0.bias to zeros
2025-02-09 22:25:42,015 (initialize:88) INFO: Initialize energy_predictor.conv.1.2.bias to zeros
2025-02-09 22:25:42,015 (initialize:88) INFO: Initialize energy_predictor.linear.bias to zeros
2025-02-09 22:25:42,015 (initialize:88) INFO: Initialize energy_embed.0.bias to zeros
2025-02-09 22:25:42,015 (initialize:88) INFO: Initialize decoder.encoders.0.self_attn.linear_q.bias to zeros
2025-02-09 22:25:42,015 (initialize:88) INFO: Initialize decoder.encoders.0.self_attn.linear_k.bias to zeros
2025-02-09 22:25:42,015 (initialize:88) INFO: Initialize decoder.encoders.0.self_attn.linear_v.bias to zeros
2025-02-09 22:25:42,015 (initialize:88) INFO: Initialize decoder.encoders.0.self_attn.linear_out.bias to zeros
2025-02-09 22:25:42,015 (initialize:88) INFO: Initialize decoder.encoders.0.feed_forward.w_1.bias to zeros
2025-02-09 22:25:42,015 (initialize:88) INFO: Initialize decoder.encoders.0.feed_forward.w_2.bias to zeros
2025-02-09 22:25:42,015 (initialize:88) INFO: Initialize decoder.encoders.0.norm1.bias to zeros
2025-02-09 22:25:42,015 (initialize:88) INFO: Initialize decoder.encoders.0.norm2.bias to zeros
2025-02-09 22:25:42,015 (initialize:88) INFO: Initialize decoder.encoders.1.self_attn.linear_q.bias to zeros
2025-02-09 22:25:42,015 (initialize:88) INFO: Initialize decoder.encoders.1.self_attn.linear_k.bias to zeros
2025-02-09 22:25:42,015 (initialize:88) INFO: Initialize decoder.encoders.1.self_attn.linear_v.bias to zeros
2025-02-09 22:25:42,015 (initialize:88) INFO: Initialize decoder.encoders.1.self_attn.linear_out.bias to zeros
2025-02-09 22:25:42,015 (initialize:88) INFO: Initialize decoder.encoders.1.feed_forward.w_1.bias to zeros
2025-02-09 22:25:42,016 (initialize:88) INFO: Initialize decoder.encoders.1.feed_forward.w_2.bias to zeros
2025-02-09 22:25:42,016 (initialize:88) INFO: Initialize decoder.encoders.1.norm1.bias to zeros
2025-02-09 22:25:42,016 (initialize:88) INFO: Initialize decoder.encoders.1.norm2.bias to zeros
2025-02-09 22:25:42,016 (initialize:88) INFO: Initialize decoder.encoders.2.self_attn.linear_q.bias to zeros
2025-02-09 22:25:42,016 (initialize:88) INFO: Initialize decoder.encoders.2.self_attn.linear_k.bias to zeros
2025-02-09 22:25:42,016 (initialize:88) INFO: Initialize decoder.encoders.2.self_attn.linear_v.bias to zeros
2025-02-09 22:25:42,016 (initialize:88) INFO: Initialize decoder.encoders.2.self_attn.linear_out.bias to zeros
2025-02-09 22:25:42,016 (initialize:88) INFO: Initialize decoder.encoders.2.feed_forward.w_1.bias to zeros
2025-02-09 22:25:42,016 (initialize:88) INFO: Initialize decoder.encoders.2.feed_forward.w_2.bias to zeros
2025-02-09 22:25:42,016 (initialize:88) INFO: Initialize decoder.encoders.2.norm1.bias to zeros
2025-02-09 22:25:42,016 (initialize:88) INFO: Initialize decoder.encoders.2.norm2.bias to zeros
2025-02-09 22:25:42,016 (initialize:88) INFO: Initialize decoder.encoders.3.self_attn.linear_q.bias to zeros
2025-02-09 22:25:42,016 (initialize:88) INFO: Initialize decoder.encoders.3.self_attn.linear_k.bias to zeros
2025-02-09 22:25:42,016 (initialize:88) INFO: Initialize decoder.encoders.3.self_attn.linear_v.bias to zeros
2025-02-09 22:25:42,016 (initialize:88) INFO: Initialize decoder.encoders.3.self_attn.linear_out.bias to zeros
2025-02-09 22:25:42,016 (initialize:88) INFO: Initialize decoder.encoders.3.feed_forward.w_1.bias to zeros
2025-02-09 22:25:42,016 (initialize:88) INFO: Initialize decoder.encoders.3.feed_forward.w_2.bias to zeros
2025-02-09 22:25:42,016 (initialize:88) INFO: Initialize decoder.encoders.3.norm1.bias to zeros
2025-02-09 22:25:42,016 (initialize:88) INFO: Initialize decoder.encoders.3.norm2.bias to zeros
2025-02-09 22:25:42,016 (initialize:88) INFO: Initialize decoder.after_norm.bias to zeros
2025-02-09 22:25:42,016 (initialize:88) INFO: Initialize feat_out.bias to zeros
2025-02-09 22:25:42,016 (initialize:88) INFO: Initialize postnet.postnet.0.1.bias to zeros
2025-02-09 22:25:42,016 (initialize:88) INFO: Initialize postnet.postnet.1.1.bias to zeros
2025-02-09 22:25:42,017 (initialize:88) INFO: Initialize postnet.postnet.2.1.bias to zeros
2025-02-09 22:25:42,017 (initialize:88) INFO: Initialize postnet.postnet.3.1.bias to zeros
2025-02-09 22:25:42,017 (initialize:88) INFO: Initialize postnet.postnet.4.1.bias to zeros
